Assembler report for eecs301_lab3
Fri Oct 02 14:38:40 2015
Quartus II 64-Bit Version 15.0.0 Build 145 04/22/2015 SJ Full Version


---------------------
; Table of Contents ;
---------------------
  1. Legal Notice
  2. Assembler Summary
  3. Assembler Settings
  4. Assembler Encrypted IP Cores Summary
  5. Assembler Generated Files
  6. Assembler Device Options: C:/Users/Jonathan Monreal/Desktop/EECS 301/lab3_new/eecs301_lab3.sof
  7. Assembler Messages



----------------
; Legal Notice ;
----------------
Copyright (C) 1991-2015 Altera Corporation. All rights reserved.
Your use of Altera Corporation's design tools, logic functions 
and other software and tools, and its AMPP partner logic 
functions, and any output files from any of the foregoing 
(including device programming or simulation files), and any 
associated documentation or information are expressly subject 
to the terms and conditions of the Altera Program License 
Subscription Agreement, the Altera Quartus II License Agreement,
the Altera MegaCore Function License Agreement, or other 
applicable license agreement, including, without limitation, 
that your use is for the sole purpose of programming logic 
devices manufactured by Altera and sold by Altera or its 
authorized distributors.  Please refer to the applicable 
agreement for further details.



+---------------------------------------------------------------+
; Assembler Summary                                             ;
+-----------------------+---------------------------------------+
; Assembler Status      ; Successful - Fri Oct 02 14:38:40 2015 ;
; Revision Name         ; eecs301_lab3                          ;
; Top-level Entity Name ; eecs301_lab3                          ;
; Family                ; Cyclone V                             ;
; Device                ; 5CSEMA5F31C6                          ;
+-----------------------+---------------------------------------+


+----------------------------------+
; Assembler Settings               ;
+--------+---------+---------------+
; Option ; Setting ; Default Value ;
+--------+---------+---------------+


+--------------------------------------------------+
; Assembler Encrypted IP Cores Summary             ;
+--------+--------------------------+--------------+
; Vendor ; IP Core Name             ; License Type ;
+--------+--------------------------+--------------+
; Altera ; NCO Compiler (6AF7 0014) ; Licensed     ;
+--------+--------------------------+--------------+


+----------------------------------------------------------------------+
; Assembler Generated Files                                            ;
+----------------------------------------------------------------------+
; File Name                                                            ;
+----------------------------------------------------------------------+
; C:/Users/Jonathan Monreal/Desktop/EECS 301/lab3_new/eecs301_lab3.sof ;
+----------------------------------------------------------------------+


+------------------------------------------------------------------------------------------------+
; Assembler Device Options: C:/Users/Jonathan Monreal/Desktop/EECS 301/lab3_new/eecs301_lab3.sof ;
+----------------+-------------------------------------------------------------------------------+
; Option         ; Setting                                                                       ;
+----------------+-------------------------------------------------------------------------------+
; Device         ; 5CSEMA5F31C6                                                                  ;
; JTAG usercode  ; 0x00B03146                                                                    ;
; Checksum       ; 0x00B03146                                                                    ;
+----------------+-------------------------------------------------------------------------------+


+--------------------+
; Assembler Messages ;
+--------------------+
Info: *******************************************************************
Info: Running Quartus II 64-Bit Assembler
    Info: Version 15.0.0 Build 145 04/22/2015 SJ Full Version
    Info: Processing started: Fri Oct 02 14:38:13 2015
Info: Command: quartus_asm --read_settings_files=off --write_settings_files=off eecs301_lab3 -c eecs301_lab3
Warning (292008): All instances of floating feature 6AF7_0014 are currently in use, waiting for one to become available...
Info (115030): Assembler is generating device programming files
Info: Quartus II 64-Bit Assembler was successful. 0 errors, 1 warning
    Info: Peak virtual memory: 755 megabytes
    Info: Processing ended: Fri Oct 02 14:38:40 2015
    Info: Elapsed time: 00:00:27
    Info: Total CPU time (on all processors): 00:00:10


