Flow report for eecs301_lab3
Fri Oct 02 14:38:54 2015
Quartus II 64-Bit Version 15.0.0 Build 145 04/22/2015 SJ Full Version


---------------------
; Table of Contents ;
---------------------
  1. Legal Notice
  2. Flow Summary
  3. Flow Settings
  4. Flow Non-Default Global Settings
  5. Flow Elapsed Time
  6. Flow OS Summary
  7. Flow Log
  8. Flow Messages
  9. Flow Suppressed Messages



----------------
; Legal Notice ;
----------------
Copyright (C) 1991-2015 Altera Corporation. All rights reserved.
Your use of Altera Corporation's design tools, logic functions 
and other software and tools, and its AMPP partner logic 
functions, and any output files from any of the foregoing 
(including device programming or simulation files), and any 
associated documentation or information are expressly subject 
to the terms and conditions of the Altera Program License 
Subscription Agreement, the Altera Quartus II License Agreement,
the Altera MegaCore Function License Agreement, or other 
applicable license agreement, including, without limitation, 
that your use is for the sole purpose of programming logic 
devices manufactured by Altera and sold by Altera or its 
authorized distributors.  Please refer to the applicable 
agreement for further details.



+-------------------------------------------------------------------------------+
; Flow Summary                                                                  ;
+---------------------------------+---------------------------------------------+
; Flow Status                     ; Successful - Fri Oct 02 14:38:40 2015       ;
; Quartus II 64-Bit Version       ; 15.0.0 Build 145 04/22/2015 SJ Full Version ;
; Revision Name                   ; eecs301_lab3                                ;
; Top-level Entity Name           ; eecs301_lab3                                ;
; Family                          ; Cyclone V                                   ;
; Device                          ; 5CSEMA5F31C6                                ;
; Timing Models                   ; Final                                       ;
; Logic utilization (in ALMs)     ; 5 / 32,070 ( < 1 % )                        ;
; Total registers                 ; 9                                           ;
; Total pins                      ; 175 / 457 ( 38 % )                          ;
; Total virtual pins              ; 0                                           ;
; Total block memory bits         ; 0 / 4,065,280 ( 0 % )                       ;
; Total DSP Blocks                ; 0 / 87 ( 0 % )                              ;
; Total HSSI RX PCSs              ; 0                                           ;
; Total HSSI PMA RX Deserializers ; 0                                           ;
; Total HSSI TX PCSs              ; 0                                           ;
; Total HSSI PMA TX Serializers   ; 0                                           ;
; Total PLLs                      ; 0 / 6 ( 0 % )                               ;
; Total DLLs                      ; 0 / 4 ( 0 % )                               ;
+---------------------------------+---------------------------------------------+


+-----------------------------------------+
; Flow Settings                           ;
+-------------------+---------------------+
; Option            ; Setting             ;
+-------------------+---------------------+
; Start date & time ; 10/02/2015 14:36:52 ;
; Main task         ; Compilation         ;
; Revision Name     ; eecs301_lab3        ;
+-------------------+---------------------+


+----------------------------------------------------------------------------------------------------------------------------------------+
; Flow Non-Default Global Settings                                                                                                       ;
+-------------------------------------+-------------------------------------------------------+---------------+-------------+------------+
; Assignment Name                     ; Value                                                 ; Default Value ; Entity Name ; Section Id ;
+-------------------------------------+-------------------------------------------------------+---------------+-------------+------------+
; COMPILER_SIGNATURE_ID               ; 1098707551265.144381101201224                         ; --            ; --          ; --         ;
; MAX_CORE_JUNCTION_TEMP              ; 85                                                    ; --            ; --          ; --         ;
; MIN_CORE_JUNCTION_TEMP              ; 0                                                     ; --            ; --          ; --         ;
; MISC_FILE                           ; NCO/nco/synthesis/../nco.cmp                          ; --            ; --          ; --         ;
; MISC_FILE                           ; NCO/nco/synthesis/../../nco.qsys                      ; --            ; --          ; --         ;
; MISC_FILE                           ; LPM_SHIFTREG/shiftreg_bb.v                            ; --            ; --          ; --         ;
; PARTITION_COLOR                     ; 16764057                                              ; --            ; --          ; Top        ;
; PARTITION_FITTER_PRESERVATION_LEVEL ; PLACEMENT_AND_ROUTING                                 ; --            ; --          ; Top        ;
; PARTITION_NETLIST_TYPE              ; SOURCE                                                ; --            ; --          ; Top        ;
; POWER_BOARD_THERMAL_MODEL           ; None (CONSERVATIVE)                                   ; --            ; --          ; --         ;
; POWER_PRESET_COOLING_SOLUTION       ; 23 MM HEAT SINK WITH 200 LFPM AIRFLOW                 ; --            ; --          ; --         ;
; SLD_FILE                            ; NCO/nco/synthesis/nco.debuginfo                       ; --            ; --          ; --         ;
; SLD_INFO                            ; QSYS_NAME nco HAS_SOPCINFO 1 GENERATION_ID 1443809425 ; --            ; nco         ; --         ;
; SMART_RECOMPILE                     ; On                                                    ; Off           ; --          ; --         ;
; SOPCINFO_FILE                       ; NCO/nco/synthesis/../../nco.sopcinfo                  ; --            ; --          ; --         ;
; SYNTHESIS_ONLY_QIP                  ; On                                                    ; --            ; --          ; --         ;
+-------------------------------------+-------------------------------------------------------+---------------+-------------+------------+


+-------------------------------------------------------------------------------------------------------------------------------+
; Flow Elapsed Time                                                                                                             ;
+---------------------------+--------------+-------------------------+---------------------+------------------------------------+
; Module Name               ; Elapsed Time ; Average Processors Used ; Peak Virtual Memory ; Total CPU Time (on all processors) ;
+---------------------------+--------------+-------------------------+---------------------+------------------------------------+
; Analysis & Synthesis      ; 00:00:26     ; 1.0                     ; 741 MB              ; 00:00:55                           ;
; Fitter                    ; 00:00:49     ; 1.2                     ; 2062 MB             ; 00:00:57                           ;
; Assembler                 ; 00:00:27     ; 1.0                     ; 755 MB              ; 00:00:10                           ;
; TimeQuest Timing Analyzer ; 00:00:12     ; 1.0                     ; 1025 MB             ; 00:00:10                           ;
; Total                     ; 00:01:54     ; --                      ; --                  ; 00:02:12                           ;
+---------------------------+--------------+-------------------------+---------------------+------------------------------------+


+----------------------------------------------------------------------------------------+
; Flow OS Summary                                                                        ;
+---------------------------+------------------+-----------+------------+----------------+
; Module Name               ; Machine Hostname ; OS Name   ; OS Version ; Processor type ;
+---------------------------+------------------+-----------+------------+----------------+
; Analysis & Synthesis      ; JonMBPWindows    ; Windows 7 ; 6.2        ; x86_64         ;
; Fitter                    ; JonMBPWindows    ; Windows 7 ; 6.2        ; x86_64         ;
; Assembler                 ; JonMBPWindows    ; Windows 7 ; 6.2        ; x86_64         ;
; TimeQuest Timing Analyzer ; JonMBPWindows    ; Windows 7 ; 6.2        ; x86_64         ;
+---------------------------+------------------+-----------+------------+----------------+


------------
; Flow Log ;
------------
quartus_map --read_settings_files=on --write_settings_files=off eecs301_lab3 -c eecs301_lab3
quartus_fit --read_settings_files=off --write_settings_files=off eecs301_lab3 -c eecs301_lab3
quartus_asm --read_settings_files=off --write_settings_files=off eecs301_lab3 -c eecs301_lab3
quartus_sta eecs301_lab3 -c eecs301_lab3



