Analysis & Synthesis report for eecs301_lab2
Sat Sep 19 13:41:55 2015
Quartus II 64-Bit Version 15.0.0 Build 145 04/22/2015 SJ Web Edition


---------------------
; Table of Contents ;
---------------------
  1. Legal Notice
  2. Analysis & Synthesis Summary
  3. Analysis & Synthesis Settings
  4. Parallel Compilation
  5. Analysis & Synthesis Messages
  6. Analysis & Synthesis Suppressed Messages



----------------
; Legal Notice ;
----------------
Copyright (C) 1991-2015 Altera Corporation. All rights reserved.
Your use of Altera Corporation's design tools, logic functions 
and other software and tools, and its AMPP partner logic 
functions, and any output files from any of the foregoing 
(including device programming or simulation files), and any 
associated documentation or information are expressly subject 
to the terms and conditions of the Altera Program License 
Subscription Agreement, the Altera Quartus II License Agreement,
the Altera MegaCore Function License Agreement, or other 
applicable license agreement, including, without limitation, 
that your use is for the sole purpose of programming logic 
devices manufactured by Altera and sold by Altera or its 
authorized distributors.  Please refer to the applicable 
agreement for further details.



+--------------------------------------------------------------------------+
; Analysis & Synthesis Summary                                             ;
+-----------------------------+--------------------------------------------+
; Analysis & Synthesis Status ; Failed - Sat Sep 19 13:41:55 2015          ;
; Quartus II 64-Bit Version   ; 15.0.0 Build 145 04/22/2015 SJ Web Edition ;
; Revision Name               ; eecs301_lab2                               ;
; Top-level Entity Name       ; eecs301_lab2                               ;
; Family                      ; Cyclone V                                  ;
; Logic utilization (in ALMs) ; N/A until Partition Merge                  ;
; Total registers             ; N/A until Partition Merge                  ;
; Total pins                  ; N/A until Partition Merge                  ;
; Total virtual pins          ; N/A until Partition Merge                  ;
; Total block memory bits     ; N/A until Partition Merge                  ;
; Total PLLs                  ; N/A until Partition Merge                  ;
; Total DLLs                  ; N/A until Partition Merge                  ;
+-----------------------------+--------------------------------------------+


+---------------------------------------------------------------------------------------------------------------------------+
; Analysis & Synthesis Settings                                                                                             ;
+---------------------------------------------------------------------------------+--------------------+--------------------+
; Option                                                                          ; Setting            ; Default Value      ;
+---------------------------------------------------------------------------------+--------------------+--------------------+
; Device                                                                          ; 5CSEMA5F31C6       ;                    ;
; Top-level entity name                                                           ; eecs301_lab2       ; eecs301_lab2       ;
; Family name                                                                     ; Cyclone V          ; Cyclone V          ;
; Use smart compilation                                                           ; On                 ; Off                ;
; Enable parallel Assembler and TimeQuest Timing Analyzer during compilation      ; On                 ; On                 ;
; Enable compact report table                                                     ; Off                ; Off                ;
; Restructure Multiplexers                                                        ; Auto               ; Auto               ;
; MLAB Add Timing Constraints For Mixed-Port Feed-Through Mode Setting Don't Care ; Off                ; Off                ;
; Create Debugging Nodes for IP Cores                                             ; Off                ; Off                ;
; Preserve fewer node names                                                       ; On                 ; On                 ;
; Disable OpenCore Plus hardware evaluation                                       ; Off                ; Off                ;
; Verilog Version                                                                 ; Verilog_2001       ; Verilog_2001       ;
; VHDL Version                                                                    ; VHDL_1993          ; VHDL_1993          ;
; State Machine Processing                                                        ; Auto               ; Auto               ;
; Safe State Machine                                                              ; Off                ; Off                ;
; Extract Verilog State Machines                                                  ; On                 ; On                 ;
; Extract VHDL State Machines                                                     ; On                 ; On                 ;
; Ignore Verilog initial constructs                                               ; Off                ; Off                ;
; Iteration limit for constant Verilog loops                                      ; 5000               ; 5000               ;
; Iteration limit for non-constant Verilog loops                                  ; 250                ; 250                ;
; Add Pass-Through Logic to Inferred RAMs                                         ; On                 ; On                 ;
; Infer RAMs from Raw Logic                                                       ; On                 ; On                 ;
; Parallel Synthesis                                                              ; On                 ; On                 ;
; DSP Block Balancing                                                             ; Auto               ; Auto               ;
; NOT Gate Push-Back                                                              ; On                 ; On                 ;
; Power-Up Don't Care                                                             ; On                 ; On                 ;
; Remove Redundant Logic Cells                                                    ; Off                ; Off                ;
; Remove Duplicate Registers                                                      ; On                 ; On                 ;
; Ignore CARRY Buffers                                                            ; Off                ; Off                ;
; Ignore CASCADE Buffers                                                          ; Off                ; Off                ;
; Ignore GLOBAL Buffers                                                           ; Off                ; Off                ;
; Ignore ROW GLOBAL Buffers                                                       ; Off                ; Off                ;
; Ignore LCELL Buffers                                                            ; Off                ; Off                ;
; Ignore SOFT Buffers                                                             ; On                 ; On                 ;
; Limit AHDL Integers to 32 Bits                                                  ; Off                ; Off                ;
; Optimization Technique                                                          ; Balanced           ; Balanced           ;
; Carry Chain Length                                                              ; 70                 ; 70                 ;
; Auto Carry Chains                                                               ; On                 ; On                 ;
; Auto Open-Drain Pins                                                            ; On                 ; On                 ;
; Perform WYSIWYG Primitive Resynthesis                                           ; Off                ; Off                ;
; Auto ROM Replacement                                                            ; On                 ; On                 ;
; Auto RAM Replacement                                                            ; On                 ; On                 ;
; Auto DSP Block Replacement                                                      ; On                 ; On                 ;
; Auto Shift Register Replacement                                                 ; Auto               ; Auto               ;
; Allow Shift Register Merging across Hierarchies                                 ; Auto               ; Auto               ;
; Auto Clock Enable Replacement                                                   ; On                 ; On                 ;
; Strict RAM Replacement                                                          ; Off                ; Off                ;
; Allow Synchronous Control Signals                                               ; On                 ; On                 ;
; Force Use of Synchronous Clear Signals                                          ; Off                ; Off                ;
; Auto Resource Sharing                                                           ; Off                ; Off                ;
; Allow Any RAM Size For Recognition                                              ; Off                ; Off                ;
; Allow Any ROM Size For Recognition                                              ; Off                ; Off                ;
; Allow Any Shift Register Size For Recognition                                   ; Off                ; Off                ;
; Use LogicLock Constraints during Resource Balancing                             ; On                 ; On                 ;
; Ignore translate_off and synthesis_off directives                               ; Off                ; Off                ;
; Timing-Driven Synthesis                                                         ; On                 ; On                 ;
; Report Parameter Settings                                                       ; On                 ; On                 ;
; Report Source Assignments                                                       ; On                 ; On                 ;
; Report Connectivity Checks                                                      ; On                 ; On                 ;
; Ignore Maximum Fan-Out Assignments                                              ; Off                ; Off                ;
; Synchronization Register Chain Length                                           ; 3                  ; 3                  ;
; PowerPlay Power Optimization During Synthesis                                   ; Normal compilation ; Normal compilation ;
; HDL message level                                                               ; Level2             ; Level2             ;
; Suppress Register Optimization Related Messages                                 ; Off                ; Off                ;
; Number of Removed Registers Reported in Synthesis Report                        ; 5000               ; 5000               ;
; Number of Swept Nodes Reported in Synthesis Report                              ; 5000               ; 5000               ;
; Number of Inverted Registers Reported in Synthesis Report                       ; 100                ; 100                ;
; Clock MUX Protection                                                            ; On                 ; On                 ;
; Auto Gated Clock Conversion                                                     ; Off                ; Off                ;
; Block Design Naming                                                             ; Auto               ; Auto               ;
; SDC constraint protection                                                       ; Off                ; Off                ;
; Synthesis Effort                                                                ; Auto               ; Auto               ;
; Shift Register Replacement - Allow Asynchronous Clear Signal                    ; On                 ; On                 ;
; Pre-Mapping Resynthesis Optimization                                            ; Off                ; Off                ;
; Analysis & Synthesis Message Level                                              ; Medium             ; Medium             ;
; Disable Register Merging Across Hierarchies                                     ; Auto               ; Auto               ;
; Resource Aware Inference For Block RAM                                          ; On                 ; On                 ;
; Synthesis Seed                                                                  ; 1                  ; 1                  ;
; Automatic Parallel Synthesis                                                    ; On                 ; On                 ;
; Partial Reconfiguration Bitstream ID                                            ; Off                ; Off                ;
+---------------------------------------------------------------------------------+--------------------+--------------------+


+------------------------------------------+
; Parallel Compilation                     ;
+----------------------------+-------------+
; Processors                 ; Number      ;
+----------------------------+-------------+
; Number detected on machine ; 4           ;
; Maximum allowed            ; 2           ;
;                            ;             ;
; Average used               ; 1.00        ;
; Maximum used               ; 1           ;
;                            ;             ;
; Usage by Processor         ; % Time Used ;
;     Processor 1            ; 100.0%      ;
;     Processors 2-4         ;   0.0%      ;
+----------------------------+-------------+


+-------------------------------+
; Analysis & Synthesis Messages ;
+-------------------------------+
Info: *******************************************************************
Info: Running Quartus II 64-Bit Analysis & Synthesis
    Info: Version 15.0.0 Build 145 04/22/2015 SJ Web Edition
    Info: Processing started: Sat Sep 19 13:41:44 2015
Info: Command: quartus_map --read_settings_files=on --write_settings_files=off eecs301_lab2 -c eecs301_lab2
Info (11104): Parallel Compilation has detected 4 hyper-threaded processors. However, the extra hyper-threaded processors will not be used by default. Parallel Compilation will use 2 of the 2 physical processors detected instead.
Info (12021): Found 1 design units, including 1 entities, in source file v/func.v
    Info (12023): Found entity 1: func
Info (12021): Found 1 design units, including 1 entities, in source file v/clock_divider.v
    Info (12023): Found entity 1: clock_divider
Info (12021): Found 1 design units, including 1 entities, in source file v/pwm.v
    Info (12023): Found entity 1: pwm
Info (12021): Found 1 design units, including 1 entities, in source file v/goal_counter.v
    Info (12023): Found entity 1: goal_counter
Info (12021): Found 1 design units, including 1 entities, in source file v/flipflop.v
    Info (12023): Found entity 1: flipflop
Info (12021): Found 1 design units, including 1 entities, in source file v/counter.v
    Info (12023): Found entity 1: counter
Info (12021): Found 1 design units, including 1 entities, in source file eecs301_lab2.v
    Info (12023): Found entity 1: eecs301_lab2
Info (12021): Found 1 design units, including 1 entities, in source file v/direction_handler.v
    Info (12023): Found entity 1: direction_handler
Warning (10275): Verilog HDL Module Instantiation warning at speed_counter.v(13): ignored dangling comma in List of Port Connections
Info (12021): Found 1 design units, including 1 entities, in source file v/speed_counter.v
    Info (12023): Found entity 1: speed_counter
Info (12021): Found 1 design units, including 1 entities, in source file v/reset_clock.v
    Info (12023): Found entity 1: reset_clock
Info (12127): Elaborating entity "eecs301_lab2" for the top level hierarchy
Warning (10034): Output port "HEX0" at eecs301_lab2.v(21) has no driver
Warning (10034): Output port "HEX1" at eecs301_lab2.v(22) has no driver
Warning (10034): Output port "HEX2" at eecs301_lab2.v(23) has no driver
Warning (10034): Output port "HEX3" at eecs301_lab2.v(24) has no driver
Warning (10034): Output port "HEX4" at eecs301_lab2.v(25) has no driver
Warning (10034): Output port "HEX5" at eecs301_lab2.v(26) has no driver
Warning (10034): Output port "LEDR[9]" at eecs301_lab2.v(32) has no driver
Warning (10034): Output port "VGA_B" at eecs301_lab2.v(38) has no driver
Warning (10034): Output port "VGA_G" at eecs301_lab2.v(41) has no driver
Warning (10034): Output port "VGA_R" at eecs301_lab2.v(43) has no driver
Warning (10034): Output port "ADC_CONVST" at eecs301_lab2.v(9) has no driver
Warning (10034): Output port "ADC_DIN" at eecs301_lab2.v(10) has no driver
Warning (10034): Output port "ADC_SCLK" at eecs301_lab2.v(12) has no driver
Warning (10034): Output port "VGA_BLANK_N" at eecs301_lab2.v(39) has no driver
Warning (10034): Output port "VGA_CLK" at eecs301_lab2.v(40) has no driver
Warning (10034): Output port "VGA_HS" at eecs301_lab2.v(42) has no driver
Warning (10034): Output port "VGA_SYNC_N" at eecs301_lab2.v(44) has no driver
Warning (10034): Output port "VGA_VS" at eecs301_lab2.v(45) has no driver
Info (12128): Elaborating entity "counter" for hierarchy "counter:count"
Info (12128): Elaborating entity "goal_counter" for hierarchy "goal_counter:goal"
Warning (10230): Verilog HDL assignment warning at goal_counter.v(20): truncated value with size 32 to match size of target (9)
Warning (10230): Verilog HDL assignment warning at goal_counter.v(21): truncated value with size 32 to match size of target (9)
Info (12128): Elaborating entity "clock_divider" for hierarchy "clock_divider:slow"
Warning (10230): Verilog HDL assignment warning at clock_divider.v(11): truncated value with size 32 to match size of target (23)
Info (12128): Elaborating entity "reset_clock" for hierarchy "reset_clock:reset_clk"
Error (10232): Verilog HDL error at reset_clock.v(7): index 22 cannot fall outside the declared range [21:0] for vector "counter" File: C:/Users/Jonathan Monreal/Desktop/EECS 301/lab2/V/reset_clock.v Line: 7
Error (12152): Can't elaborate user hierarchy "reset_clock:reset_clk" File: C:/Users/Jonathan Monreal/Desktop/EECS 301/lab2/eecs301_lab2.v Line: 118
Info (144001): Generated suppressed messages file C:/Users/Jonathan Monreal/Desktop/EECS 301/lab2/eecs301_lab2.map.smsg
Error: Quartus II 64-Bit Analysis & Synthesis was unsuccessful. 2 errors, 22 warnings
    Error: Peak virtual memory: 695 megabytes
    Error: Processing ended: Sat Sep 19 13:41:55 2015
    Error: Elapsed time: 00:00:11
    Error: Total CPU time (on all processors): 00:00:28


+------------------------------------------+
; Analysis & Synthesis Suppressed Messages ;
+------------------------------------------+
The suppressed messages can be found in C:/Users/Jonathan Monreal/Desktop/EECS 301/lab2/eecs301_lab2.map.smsg.


